<?xml version="1.0" encoding="UTF-8"?>
<!-- Generated by org.testng.reporters.JUnitReportReporter -->
<testsuite hostname="JOSIFOVSKI-N" failures="0" tests="1" name="testCases.LoginPageTestCases" time="15.276" errors="0" timestamp="2022-11-28T20:54:24 CET" skipped="0">
  <testcase classname="testCases.LoginPageTestCases" name="loginWithWrongPasswrod" time="15.276"/>
  <system-out/>
</testsuite> <!-- testCases.LoginPageTestCases -->
