<?xml version="1.0" encoding="UTF-8"?>
<!-- Generated by org.testng.reporters.JUnitReportReporter -->
<testsuite hostname="JOSIFOVSKI-N" failures="0" tests="1" name="lesson8.NewTabWindow" time="4.283" errors="0" timestamp="2022-12-14T20:12:06 CET" skipped="0">
  <testcase classname="lesson8.NewTabWindow" name="window" time="4.283"/>
  <system-out/>
</testsuite> <!-- lesson8.NewTabWindow -->
