<?xml version="1.0" encoding="UTF-8"?>
<!-- Generated by org.testng.reporters.JUnitReportReporter -->
<testsuite hostname="JOSIFOVSKI-N" failures="0" tests="1" name="testCases.HomePageTestCases" time="10.256" errors="0" timestamp="2022-12-05T21:09:43 CET" skipped="0">
  <testcase classname="testCases.HomePageTestCases" name="testScrolling" time="10.256"/>
  <system-out/>
</testsuite> <!-- testCases.HomePageTestCases -->
