<?xml version="1.0" encoding="UTF-8"?>
<!-- Generated by org.testng.reporters.JUnitReportReporter -->
<testsuite hostname="JOSIFOVSKI-N" failures="0" tests="2" name="lesson5.Waits" time="31.308" errors="0" timestamp="2022-12-03T11:46:19 CET" skipped="0">
  <testcase classname="lesson5.Waits" name="testImplictWait" time="7.246"/>
  <system-out/>
  <testcase classname="lesson5.Waits" name="testExplicitWait" time="24.062"/>
  <system-out/>
</testsuite> <!-- lesson5.Waits -->
