<?xml version="1.0" encoding="UTF-8"?>
<!-- Generated by org.testng.reporters.JUnitReportReporter -->
<testsuite hostname="JOSIFOVSKI-N" failures="0" tests="1" name="lesson8.dateP" time="5.109" errors="0" timestamp="2022-12-13T23:59:07 CET" skipped="0">
  <testcase classname="lesson8.dateP" name="selectDate" time="5.109"/>
  <system-out/>
</testsuite> <!-- lesson8.dateP -->
