<?xml version="1.0" encoding="UTF-8"?>
<!-- Generated by org.testng.reporters.JUnitReportReporter -->
<testsuite hostname="JOSIFOVSKI-N" failures="0" tests="1" name="lesson6.Alerts" time="6.810" errors="0" timestamp="2022-12-05T20:01:44 CET" skipped="0">
  <testcase classname="lesson6.Alerts" name="testPrompt" time="6.810"/>
  <system-out/>
</testsuite> <!-- lesson6.Alerts -->
